# JRE version: OpenJDK Runtime Environment Temurin-21.0.10+7 (21.0.10+7) (build 21.0.10+7-LTS)
# Java VM: OpenJDK 64-Bit Server VM Temurin-21.0.10+7 (21.0.10+7-LTS, mixed mode, sharing, tiered, compressed oops, compressed class ptrs, parallel gc, windows-amd64)
GC Precious Log:
 CardTable entry size: 512
 CPUs: 16 total, 16 available
 Memory: 20373M
 Large Page Support: Disabled
 NUMA Support: Disabled
 Compressed Oops: Enabled (32-bit)
 Alignments: Space 512K, Generation 512K, Heap 2M
 Heap Min Capacity: 100M
 Heap Initial Capacity: 100M
 Heap Max Capacity: 2G
 Pre-touch: Disabled
 Parallel Workers: 13
Heap:
 PSYoungGen      total 6144K, used 4020K [0x00000000d5580000, 0x00000000d5e80000, 0x0000000100000000)
  eden space 4096K, 57% used [0x00000000d5580000,0x00000000d57d0460,0x00000000d5980000)
  from space 2048K, 80% used [0x00000000d5980000,0x00000000d5b1cda0,0x00000000d5b80000)
  to   space 2560K, 0% used [0x00000000d5c00000,0x00000000d5c00000,0x00000000d5e80000)
 ParOldGen       total 736768K, used 736434K [0x0000000080000000, 0x00000000acf80000, 0x00000000d5580000)
  object space 736768K, 99% used [0x0000000080000000,0x00000000acf2c980,0x00000000acf80000)
 Metaspace       used 79900K, committed 81536K, reserved 1179648K
  class space    used 9467K, committed 10240K, reserved 1048576K
GC Heap History (20 events):
Event: 10835.860 GC heap before
{Heap before GC invocations=705 (full 3):
 PSYoungGen      total 10752K, used 10721K [0x00000000d5580000, 0x00000000d6580000, 0x0000000100000000)
  eden space 6144K, 100% used [0x00000000d5580000,0x00000000d5b80000,0x00000000d5b80000)
  from space 4608K, 99% used [0x00000000d5d00000,0x00000000d61787b0,0x00000000d6180000)
  to   space 4096K, 0% used [0x00000000d6180000,0x00000000d6180000,0x00000000d6580000)
 ParOldGen       total 715264K, used 714893K [0x0000000080000000, 0x00000000aba80000, 0x00000000d5580000)
  object space 715264K, 99% used [0x0000000080000000,0x00000000aba23520,0x00000000aba80000)
 Metaspace       used 79885K, committed 81536K, reserved 1179648K
  class space    used 9467K, committed 10240K, reserved 1048576K
}
Event: 10835.864 GC heap after
{Heap after GC invocations=705 (full 3):
 PSYoungGen      total 4608K, used 4096K [0x00000000d5580000, 0x00000000d7400000, 0x0000000100000000)
  eden space 512K, 0% used [0x00000000d5580000,0x00000000d5580000,0x00000000d5600000)
  from space 4096K, 100% used [0x00000000d6180000,0x00000000d6580000,0x00000000d6580000)
  to   space 11776K, 0% used [0x00000000d5600000,0x00000000d5600000,0x00000000d6180000)
 ParOldGen       total 721408K, used 721391K [0x0000000080000000, 0x00000000ac080000, 0x00000000d5580000)
  object space 721408K, 99% used [0x0000000080000000,0x00000000ac07bcd0,0x00000000ac080000)
 Metaspace       used 79885K, committed 81536K, reserved 1179648K
  class space    used 9467K, committed 10240K, reserved 1048576K
}
Event: 10835.865 GC heap before
{Heap before GC invocations=706 (full 3):
 PSYoungGen      total 4608K, used 4607K [0x00000000d5580000, 0x00000000d7400000, 0x0000000100000000)
  eden space 512K, 99% used [0x00000000d5580000,0x00000000d55fffa8,0x00000000d5600000)
  from space 4096K, 100% used [0x00000000d6180000,0x00000000d6580000,0x00000000d6580000)
  to   space 11776K, 0% used [0x00000000d5600000,0x00000000d5600000,0x00000000d6180000)
 ParOldGen       total 721408K, used 721391K [0x0000000080000000, 0x00000000ac080000, 0x00000000d5580000)
  object space 721408K, 99% used [0x0000000080000000,0x00000000ac07bcd0,0x00000000ac080000)
 Metaspace       used 79885K, committed 81536K, reserved 1179648K
  class space    used 9467K, committed 10240K, reserved 1048576K
}
Event: 10835.868 GC heap after
{Heap after GC invocations=706 (full 3):
 PSYoungGen      total 1536K, used 704K [0x00000000d5580000, 0x00000000d6200000, 0x0000000100000000)
  eden space 512K, 0% used [0x00000000d5580000,0x00000000d5580000,0x00000000d5600000)
  from space 1024K, 68% used [0x00000000d5600000,0x00000000d56b0000,0x00000000d5700000)
  to   space 4608K, 0% used [0x00000000d5d80000,0x00000000d5d80000,0x00000000d6200000)
 ParOldGen       total 726016K, used 725551K [0x0000000080000000, 0x00000000ac500000, 0x00000000d5580000)
  object space 726016K, 99% used [0x0000000080000000,0x00000000ac48bcd0,0x00000000ac500000)
 Metaspace       used 79885K, committed 81536K, reserved 1179648K
  class space    used 9467K, committed 10240K, reserved 1048576K
}
Event: 10835.869 GC heap before
{Heap before GC invocations=707 (full 3):
 PSYoungGen      total 1536K, used 1216K [0x00000000d5580000, 0x00000000d6200000, 0x0000000100000000)
  eden space 512K, 100% used [0x00000000d5580000,0x00000000d5600000,0x00000000d5600000)
  from space 1024K, 68% used [0x00000000d5600000,0x00000000d56b0000,0x00000000d5700000)
  to   space 4608K, 0% used [0x00000000d5d80000,0x00000000d5d80000,0x00000000d6200000)
 ParOldGen       total 726016K, used 725551K [0x0000000080000000, 0x00000000ac500000, 0x00000000d5580000)
  object space 726016K, 99% used [0x0000000080000000,0x00000000ac48bcd0,0x00000000ac500000)
 Metaspace       used 79885K, committed 81536K, reserved 1179648K
  class space    used 9467K, committed 10240K, reserved 1048576K
}
Event: 10835.870 GC heap after
{Heap after GC invocations=707 (full 3):
 PSYoungGen      total 2048K, used 736K [0x00000000d5580000, 0x00000000d5e80000, 0x0000000100000000)
  eden space 1024K, 0% used [0x00000000d5580000,0x00000000d5580000,0x00000000d5680000)
  from space 1024K, 71% used [0x00000000d5d80000,0x00000000d5e38000,0x00000000d5e80000)
  to   space 1536K, 0% used [0x00000000d5b80000,0x00000000d5b80000,0x00000000d5d00000)
 ParOldGen       total 726528K, used 726087K [0x0000000080000000, 0x00000000ac580000, 0x00000000d5580000)
  object space 726528K, 99% used [0x0000000080000000,0x00000000ac511cd0,0x00000000ac580000)
 Metaspace       used 79885K, committed 81536K, reserved 1179648K
  class space    used 9467K, committed 10240K, reserved 1048576K
}
Event: 10835.872 GC heap before
{Heap before GC invocations=708 (full 3):
 PSYoungGen      total 2048K, used 1757K [0x00000000d5580000, 0x00000000d5e80000, 0x0000000100000000)
  eden space 1024K, 99% used [0x00000000d5580000,0x00000000d567f790,0x00000000d5680000)
  from space 1024K, 71% used [0x00000000d5d80000,0x00000000d5e38000,0x00000000d5e80000)
  to   space 1536K, 0% used [0x00000000d5b80000,0x00000000d5b80000,0x00000000d5d00000)
 ParOldGen       total 726528K, used 726087K [0x0000000080000000, 0x00000000ac580000, 0x00000000d5580000)
  object space 726528K, 99% used [0x0000000080000000,0x00000000ac511cd0,0x00000000ac580000)
 Metaspace       used 79885K, committed 81536K, reserved 1179648K
  class space    used 9467K, committed 10240K, reserved 1048576K
}
Event: 10835.874 GC heap after
{Heap after GC invocations=708 (full 3):
 PSYoungGen      total 3072K, used 1216K [0x00000000d5580000, 0x00000000d5e00000, 0x0000000100000000)
  eden space 1536K, 0% used [0x00000000d5580000,0x00000000d5580000,0x00000000d5700000)
  from space 1536K, 79% used [0x00000000d5b80000,0x00000000d5cb0000,0x00000000d5d00000)
  to   space 1024K, 0% used [0x00000000d5d00000,0x00000000d5d00000,0x00000000d5e00000)
 ParOldGen       total 727040K, used 726623K [0x0000000080000000, 0x00000000ac600000, 0x00000000d5580000)
  object space 727040K, 99% used [0x0000000080000000,0x00000000ac597cd0,0x00000000ac600000)
 Metaspace       used 79885K, committed 81536K, reserved 1179648K
  class space    used 9467K, committed 10240K, reserved 1048576K
}
Event: 10835.877 GC heap before
{Heap before GC invocations=709 (full 3):
 PSYoungGen      total 3072K, used 2523K [0x00000000d5580000, 0x00000000d5e00000, 0x0000000100000000)
  eden space 1536K, 85% used [0x00000000d5580000,0x00000000d56c6f48,0x00000000d5700000)
  from space 1536K, 79% used [0x00000000d5b80000,0x00000000d5cb0000,0x00000000d5d00000)
  to   space 1024K, 0% used [0x00000000d5d00000,0x00000000d5d00000,0x00000000d5e00000)
 ParOldGen       total 727040K, used 726623K [0x0000000080000000, 0x00000000ac600000, 0x00000000d5580000)
  object space 727040K, 99% used [0x0000000080000000,0x00000000ac597cd0,0x00000000ac600000)
 Metaspace       used 79885K, committed 81536K, reserved 1179648K
  class space    used 9467K, committed 10240K, reserved 1048576K
}
Event: 10835.878 GC heap after
{Heap after GC invocations=709 (full 3):
 PSYoungGen      total 3072K, used 1008K [0x00000000d5580000, 0x00000000d5e00000, 0x0000000100000000)
  eden space 2048K, 0% used [0x00000000d5580000,0x00000000d5580000,0x00000000d5780000)
  from space 1024K, 98% used [0x00000000d5d00000,0x00000000d5dfc000,0x00000000d5e00000)
  to   space 2560K, 0% used [0x00000000d5900000,0x00000000d5900000,0x00000000d5b80000)
 ParOldGen       total 728064K, used 727679K [0x0000000080000000, 0x00000000ac700000, 0x00000000d5580000)
  object space 728064K, 99% used [0x0000000080000000,0x00000000ac69fcd0,0x00000000ac700000)
 Metaspace       used 79885K, committed 81536K, reserved 1179648K
  class space    used 9467K, committed 10240K, reserved 1048576K
}
Event: 10835.887 GC heap before
{Heap before GC invocations=710 (full 3):
 PSYoungGen      total 3072K, used 3056K [0x00000000d5580000, 0x00000000d5e00000, 0x0000000100000000)
  eden space 2048K, 100% used [0x00000000d5580000,0x00000000d5780000,0x00000000d5780000)
  from space 1024K, 98% used [0x00000000d5d00000,0x00000000d5dfc000,0x00000000d5e00000)
  to   space 2560K, 0% used [0x00000000d5900000,0x00000000d5900000,0x00000000d5b80000)
 ParOldGen       total 728064K, used 727679K [0x0000000080000000, 0x00000000ac700000, 0x00000000d5580000)
  object space 728064K, 99% used [0x0000000080000000,0x00000000ac69fcd0,0x00000000ac700000)
 Metaspace       used 79885K, committed 81536K, reserved 1179648K
  class space    used 9467K, committed 10240K, reserved 1048576K
}
Event: 10835.889 GC heap after
{Heap after GC invocations=710 (full 3):
 PSYoungGen      total 5120K, used 1920K [0x00000000d5580000, 0x00000000d5d80000, 0x0000000100000000)
  eden space 2560K, 0% used [0x00000000d5580000,0x00000000d5580000,0x00000000d5800000)
  from space 2560K, 75% used [0x00000000d5900000,0x00000000d5ae0000,0x00000000d5b80000)
  to   space 2048K, 0% used [0x00000000d5b80000,0x00000000d5b80000,0x00000000d5d80000)
 ParOldGen       total 728576K, used 728167K [0x0000000080000000, 0x00000000ac780000, 0x00000000d5580000)
  object space 728576K, 99% used [0x0000000080000000,0x00000000ac719cd0,0x00000000ac780000)
 Metaspace       used 79885K, committed 81536K, reserved 1179648K
  class space    used 9467K, committed 10240K, reserved 1048576K
}
Event: 10835.911 GC heap before
{Heap before GC invocations=711 (full 3):
 PSYoungGen      total 5120K, used 4480K [0x00000000d5580000, 0x00000000d5d80000, 0x0000000100000000)
  eden space 2560K, 100% used [0x00000000d5580000,0x00000000d5800000,0x00000000d5800000)
  from space 2560K, 75% used [0x00000000d5900000,0x00000000d5ae0000,0x00000000d5b80000)
  to   space 2048K, 0% used [0x00000000d5b80000,0x00000000d5b80000,0x00000000d5d80000)
 ParOldGen       total 728576K, used 728167K [0x0000000080000000, 0x00000000ac780000, 0x00000000d5580000)
  object space 728576K, 99% used [0x0000000080000000,0x00000000ac719cd0,0x00000000ac780000)
 Metaspace       used 79886K, committed 81536K, reserved 1179648K
  class space    used 9467K, committed 10240K, reserved 1048576K
}
Event: 10835.913 GC heap after
{Heap after GC invocations=711 (full 3):
 PSYoungGen      total 4608K, used 1342K [0x00000000d5580000, 0x00000000d5d00000, 0x0000000100000000)
  eden space 3072K, 0% used [0x00000000d5580000,0x00000000d5580000,0x00000000d5880000)
  from space 1536K, 87% used [0x00000000d5b80000,0x00000000d5ccfa68,0x00000000d5d00000)
  to   space 2048K, 0% used [0x00000000d5900000,0x00000000d5900000,0x00000000d5b00000)
 ParOldGen       total 730112K, used 729983K [0x0000000080000000, 0x00000000ac900000, 0x00000000d5580000)
  object space 730112K, 99% used [0x0000000080000000,0x00000000ac8dfcd0,0x00000000ac900000)
 Metaspace       used 79886K, committed 81536K, reserved 1179648K
  class space    used 9467K, committed 10240K, reserved 1048576K
}
Event: 10835.923 GC heap before
{Heap before GC invocations=712 (full 3):
 PSYoungGen      total 4608K, used 4059K [0x00000000d5580000, 0x00000000d5d00000, 0x0000000100000000)
  eden space 3072K, 88% used [0x00000000d5580000,0x00000000d5827348,0x00000000d5880000)
  from space 1536K, 87% used [0x00000000d5b80000,0x00000000d5ccfa68,0x00000000d5d00000)
  to   space 2048K, 0% used [0x00000000d5900000,0x00000000d5900000,0x00000000d5b00000)
 ParOldGen       total 730112K, used 729983K [0x0000000080000000, 0x00000000ac900000, 0x00000000d5580000)
  object space 730112K, 99% used [0x0000000080000000,0x00000000ac8dfcd0,0x00000000ac900000)
 Metaspace       used 79886K, committed 81536K, reserved 1179648K
  class space    used 9467K, committed 10240K, reserved 1048576K
}
Event: 10835.925 GC heap after
{Heap after GC invocations=712 (full 3):
 PSYoungGen      total 5632K, used 2031K [0x00000000d5580000, 0x00000000d6180000, 0x0000000100000000)
  eden space 3584K, 0% used [0x00000000d5580000,0x00000000d5580000,0x00000000d5900000)
  from space 2048K, 99% used [0x00000000d5900000,0x00000000d5afbf60,0x00000000d5b00000)
  to   space 4096K, 0% used [0x00000000d5d80000,0x00000000d5d80000,0x00000000d6180000)
 ParOldGen       total 731648K, used 731229K [0x0000000080000000, 0x00000000aca80000, 0x00000000d5580000)
  object space 731648K, 99% used [0x0000000080000000,0x00000000aca176c8,0x00000000aca80000)
 Metaspace       used 79886K, committed 81536K, reserved 1179648K
  class space    used 9467K, committed 10240K, reserved 1048576K
}
Event: 10835.936 GC heap before
{Heap before GC invocations=713 (full 3):
 PSYoungGen      total 5632K, used 5591K [0x00000000d5580000, 0x00000000d6180000, 0x0000000100000000)
  eden space 3584K, 99% used [0x00000000d5580000,0x00000000d58f9fb0,0x00000000d5900000)
  from space 2048K, 99% used [0x00000000d5900000,0x00000000d5afbf60,0x00000000d5b00000)
  to   space 4096K, 0% used [0x00000000d5d80000,0x00000000d5d80000,0x00000000d6180000)
 ParOldGen       total 731648K, used 731229K [0x0000000080000000, 0x00000000aca80000, 0x00000000d5580000)
  object space 731648K, 99% used [0x0000000080000000,0x00000000aca176c8,0x00000000aca80000)
 Metaspace       used 79886K, committed 81536K, reserved 1179648K
  class space    used 9467K, committed 10240K, reserved 1048576K
}
Event: 10835.938 GC heap after
{Heap after GC invocations=713 (full 3):
 PSYoungGen      total 8192K, used 3490K [0x00000000d5580000, 0x00000000d6200000, 0x0000000100000000)
  eden space 4096K, 0% used [0x00000000d5580000,0x00000000d5580000,0x00000000d5980000)
  from space 4096K, 85% used [0x00000000d5d80000,0x00000000d60e88a8,0x00000000d6180000)
  to   space 4096K, 0% used [0x00000000d5980000,0x00000000d5980000,0x00000000d5d80000)
 ParOldGen       total 733184K, used 733151K [0x0000000080000000, 0x00000000acc00000, 0x00000000d5580000)
  object space 733184K, 99% used [0x0000000080000000,0x00000000acbf7db8,0x00000000acc00000)
 Metaspace       used 79886K, committed 81536K, reserved 1179648K
  class space    used 9467K, committed 10240K, reserved 1048576K
}
Event: 10835.961 GC heap before
{Heap before GC invocations=714 (full 3):
 PSYoungGen      total 8192K, used 7586K [0x00000000d5580000, 0x00000000d6200000, 0x0000000100000000)
  eden space 4096K, 99% used [0x00000000d5580000,0x00000000d597fff0,0x00000000d5980000)
  from space 4096K, 85% used [0x00000000d5d80000,0x00000000d60e88a8,0x00000000d6180000)
  to   space 4096K, 0% used [0x00000000d5980000,0x00000000d5980000,0x00000000d5d80000)
 ParOldGen       total 733184K, used 733151K [0x0000000080000000, 0x00000000acc00000, 0x00000000d5580000)
  object space 733184K, 99% used [0x0000000080000000,0x00000000acbf7db8,0x00000000acc00000)
 Metaspace       used 79894K, committed 81536K, reserved 1179648K
  class space    used 9467K, committed 10240K, reserved 1048576K
}
Event: 10835.963 GC heap after
{Heap after GC invocations=714 (full 3):
 PSYoungGen      total 6144K, used 1651K [0x00000000d5580000, 0x00000000d5e80000, 0x0000000100000000)
  eden space 4096K, 0% used [0x00000000d5580000,0x00000000d5580000,0x00000000d5980000)
  from space 2048K, 80% used [0x00000000d5980000,0x00000000d5b1cda0,0x00000000d5b80000)
  to   space 2560K, 0% used [0x00000000d5c00000,0x00000000d5c00000,0x00000000d5e80000)
 ParOldGen       total 736768K, used 736434K [0x0000000080000000, 0x00000000acf80000, 0x00000000d5580000)
  object space 736768K, 99% used [0x0000000080000000,0x00000000acf2c980,0x00000000acf80000)
 Metaspace       used 79894K, committed 81536K, reserved 1179648K
  class space    used 9467K, committed 10240K, reserved 1048576K
}

